#
# A fatal error has been detected by the Java Runtime Environment:
#
#  EXCEPTION_ACCESS_VIOLATION (0xc0000005) at pc=0x000000005bfc8936, pid=3992, tid=7760
#
# JRE version: Java(TM) SE Runtime Environment (7.0_51-b13) (build 1.7.0_51-b13)
# Java VM: Java HotSpot(TM) 64-Bit Server VM (24.51-b03 mixed mode windows-amd64 compressed oops)
# Problematic frame:
# V  [jvm.dll+0x1e8936]
#
# Failed to write core dump. Minidumps are not enabled by default on client versions of Windows
#
# If you would like to submit a bug report, please visit:
#   http://bugreport.sun.com/bugreport/crash.jsp
#

---------------  T H R E A D  ---------------

Current thread (0x0000000001cea000):  JavaThread "main" [_thread_in_vm, id=7760, stack(0x0000000002850000,0x0000000002950000)]

siginfo: ExceptionCode=0xc0000005, reading address 0x000000000000000a

Registers:
RAX=0x0000000000000000, RBX=0x000000000294f680, RCX=0x000000000294f680, RDX=0x0000000000000028
RSP=0x000000000294f3c0, RBP=0x000000000294f759, RSI=0x0000000001cea000, RDI=0x0000000000000000
R8 =0x0000000000000000, R9 =0x0000000000000006, R10=0x000000077d33b5b8, R11=0x000000000c47c320
R12=0x0000000000000000, R13=0x0000000001ddf200, R14=0x0000000001ceab90, R15=0x00000000000000b6
RIP=0x000000005bfc8936, EFLAGS=0x0000000000010202

Top of Stack: (sp=0x000000000294f3c0)
0x000000000294f3c0:   0000000001cea1e8 000000005bf55d39
0x000000000294f3d0:   0000000000000000 000000000c479c50
0x000000000294f3e0:   0000000001ce9800 000000005bfb3712
0x000000000294f3f0:   0000000001cea000 000000005d87e920
0x000000000294f400:   000000000c47a950 000000000e1725f0
0x000000000294f410:   000000000ae08930 000000005bf6be13
0x000000000294f420:   000000000e6e5d80 000000005befec79
0x000000000294f430:   0000000001dd8620 000000000c479c50
0x000000000294f440:   0000000000000000 000000005bf6c184
0x000000000294f450:   0000000000000004 000000005d8723ba
0x000000000294f460:   000000000ae08930 000000000e1725f0
0x000000000294f470:   0000000001cea000 000000005bf55d39
0x000000000294f480:   0000000000000004 0000000001dd8620
0x000000000294f490:   000000000ae08930 000000000c479c50
0x000000000294f4a0:   0000000001cea1e8 000000005d880e04
0x000000000294f4b0:   000000000e1724f0 000000000e1725f0 

Instructions: (pc=0x000000005bfc8936)
0x000000005bfc8916:   01 00 00 48 8b 05 c0 3f 54 00 48 33 c4 48 89 84
0x000000005bfc8926:   24 30 01 00 00 4c 63 41 10 48 8b 41 08 48 8b d9
0x000000005bfc8936:   42 38 54 00 0a 74 33 44 0f be c2 48 8d 4c 24 20
0x000000005bfc8946:   48 8d 15 a3 83 3a 00 e8 9e 52 e3 ff 48 8d 0d 37 


Register to memory mapping:

RAX=0x0000000000000000 is an unknown value
RBX=0x000000000294f680 is pointing into the stack for thread: 0x0000000001cea000
RCX=0x000000000294f680 is pointing into the stack for thread: 0x0000000001cea000
RDX=0x0000000000000028 is an unknown value
RSP=0x000000000294f3c0 is pointing into the stack for thread: 0x0000000001cea000
RBP=0x000000000294f759 is pointing into the stack for thread: 0x0000000001cea000
RSI=0x0000000001cea000 is a thread
RDI=0x0000000000000000 is an unknown value
R8 =0x0000000000000000 is an unknown value
R9 =0x0000000000000006 is an unknown value
R10=0x000000077d33b5b8 is an oop
{constant pool} 
 - klass: {other class}
 - holder: 0x000000077d30c588
 - cache: 0x000000077d33c760
 -   1 :  : 'com/ds/util/ActionUtils' {0x7d30c588}
 -   2 :  : 'com/ds/util/ActionUtils'
 -   3 :  : 'java/lang/Object'
 -   4 :  : 'java/lang/Object'
 -   5 :  : '$SWITCH_TABLE$com$ds$test$entity$Action'
 -   6 :  : '[I'
 -   7 :  : '$SWITCH_TABLE$com$ds$test$entity$ByType'
 -   8 :  : '<init>'
 -   9 :  : '()V'
 -  10 :  : 'Code'
 -  11 :  : klass_index=3 name_and_type_index=12
 -  12 :  : name_index=8 signature_index=9
 -  13 :  : 'LineNumberTable'
 -  14 :  : 'LocalVariableTable'
 -  15 :  : 'this'
 -  16 :  : 'Lcom/ds/util/ActionUtils;'
 -  17 :  : 'test'
 -  18 :  : '(Lcom/ds/test/entity/TestCaseVo;)V'
 -  19 :  : 'vo'
 -  20 :  : 'Lcom/ds/test/entity/TestCaseVo;'
 -  21 :  : 'doAtion1'
 -  22 :  : '(Lorg/openqa/selenium/WebDriver;Lcom/ds/test/entity/TestCaseVo;)Lcom/ds/test/entity/TestCaseResultVo;'
 -  23 :  : klass_index=24 name_and_type_index=26
 -  24 :  : 'com/ds/test/entity/TestCaseVo' {0x7cc68b40}
 -  25 :  : 'com/ds/test/entity/TestCaseVo'
 -  26 :  : name_index=27 signature_index=28
 -  27 :  : 'getStepVos'
 -  28 :  : '()Ljava/util/List;'
 -  29 :  : 'com/ds/test/entity/TestCaseResultVo' {0x7d30eb48}
 -  30 :  : 'com/ds/test/entity/TestCaseResultVo'
 -  31 :  : klass_index=29 name_and_type_index=12
 -  32 :  : klass_index=29 name_and_type_index=33
 -  33 :  : name_index=34 signature_index=35
 -  34 :  : 'setId'
 -  35 :  : '(I)V'
 -  36 :  : klass_index=37 name_and_type_index=39
 -  37 :  : 'java/lang/System' {0x7c21fa20}
 -  38 :  : 'java/lang/System'
 -  39 :  : name_index=40 signature_index=41
 -  40 :  : 'out'
 -  41 :  : 'Ljava/io/PrintStream;'
 -  42 :  : 'java/lang/StringBuilder' {0x7c285558}
 -  43 :  : 'java/lang/StringBuilder'
 -  44 :  : "bysffffffffffffffffffftr:" {0x81ad5988}
 -  45 :  : 'bysffffffffffffffffffftr:'
 -  46 :  : klass_index=42 name_and_type_index=47
 -  47 :  : name_index=8 signature_index=48
 -  48 :  : '(Ljava/lang/String;)V'
 -  49 :  : klass_index=42 name_and_type_index=50
 -  50 :  : name_index=51 signature_index=52
 -  51 :  : 'append'
 -  52 :  : '(Ljava/lang/Object;)Ljava/lang/StringBuilder;'
 -  53 :  : klass_index=42 name_and_type_index=54
 -  54 :  : name_index=55 signature_index=56
 -  55 :  : 'toString'
 -  56 :  : '()Ljava/lang/String;'
 -  57 :  : klass_index=58 name_and_type_index=60
 -  58 :  : 'java/io/PrintStream' {0x7c386a00}
 -  59 :  : 'java/io/PrintStream'
 -  60 :  : name_index=61 signature_index=48
 -  61 :  : 'println'
 -  62 :  : klass_index=63 name_and_type_index=65
 -  63 :  : 'java/util/List' {0x7c2b6840}
 -  64 :  : 'java/util/List'
 -  65 :  : name_index=66 signature_index=67
 -  66 :  : 'get'
 -  67 :  : '(I)Ljava/lang/Object;'
 -  68 :  : 'com/ds/test/entity/StepVo' {0x7d307fa8}
 -  69 :  : 'com/ds/test/entity/StepVo'
 -  70 :  : klass_index=68 name_and_type_index=71
 -  71 :  : name_index=72 signature_index=18
 -  72 :  : 'setTestCaseVo'
 -  73 :  : klass_index=68 name_and_type_index=74
 -  74 :  : name_index=75 signature_index=56
 -  75 :  : 'getAction'
 -  76 :  : "public step" {0xd8367920}
 -  77 :  : 'public step'
 -  78 :  : klass_index=79 name_and_type_index=81
 -  79 :  : 'java/lang/String' {0x7c20ab60}
 -  80 :  : 'java/lang/String'
 -  81 :  : name_index=82 signature_index=83
 -  82 :  : 'equals'
 -  83 :  : '(Ljava/lang/Object;)Z'
 -  84 :  : klass_index=68 name_and_type_index=85
 -  85 :  : name_index=86 signature_index=87
 -  86 :  : 'getTestCaseVo'
 -  87 :  : '()Lcom/ds/test/entity/TestCaseVo;'
 -  88 :  : klass_index=24 name_and_type_index=89
 -  89 :  : name_index=90 signature_index=56
 -  90 :  : 'getTestPath'
 -  91 :  : klass_index=68 name_and_type_index=92
 -  92 :  : name_index=93 signature_index=56
 -  93 :  : 'getLocator'
 -  94 :  : klass_index=24 name_and_type_index=95
 -  95 :  : name_index=96 signature_index=56
 -  96 :  : 'getTestResultPath'
 -  97 :  : klass_index=24 name_and_type_index=98
 -  98 :  : name_index=8 signature_index=99
 -  99 :  : '(ILjava/lang/String;Ljava/lang/String;Ljava/lang/String;)V'
 - 100 :  : klass_index=1 name_and_type_index=101
 - 101 :  : name_index=102 signature_index=103
 - 102 :  : 'doAtion'
 - 103 :  : '(Lorg/openqa/selenium/WebDriver;Lcom/ds/test/entity/StepVo;I)Lcom/ds/test/entity/StepResultVo;'
 - 104 :  : klass_index=105 name_and_type_index=107
 - 105 :  : 'com/ds/test/entity/StepResultVo' {0x7d3102c8}
 - 106 :  : 'com/ds/test/entity/StepResultVo'
 - 107 :  : name_index=108 signature_index=109
 - 108 :  : 'setTestCaseResultVo'
 - 109 :  : '(Lcom/ds/test/entity/TestCaseResultVo;)V'
 - 110 :  : klass_index=29 name_and_type_index=111
 - 111 :  : name_index=112 signature_index=28
 - 112 :  : 'getStepResultVo'
 - 113 :  : klass_index=63 name_and_type_index=114
 - 114 :  : name_index=115 signature_index=83
 - 115 :  : 'add'
 - 116 :  : klass_index=63 name_and_type_index=117
 - 117 :  : name_index=118 signature_index=119
 - 118 :  : 'size'
 - 119 :  : '()I'
 - 120 :  : klass_index=29 name_and_type_index=71
 - 121 :  : 'driver'
 - 122 :  : 'Lorg/openqa/selenium/WebDriver;'
 - 123 :  : 'stepVoList'
 - 124 :  : 'Ljava/util/List;'
 - 125 :  : 'TestCaseResultVo'
 - 126 :  : 'Lcom/ds/test/entity/TestCaseResultVo;'
 - 127 :  : 'i'
 - 128 :  : 'I'
 - 129 :  : 'stepVo'
 - 130 :  : 'Lcom/ds/test/entity/StepVo;'
 - 131 :  : 'publicVo'
 - 132 :  : 'publicTestCaseResultVo'
 - 133 :  : 'j'
 - 134 :  : 'publicstepVo'
 - 135 :  : 'stepCaseResultVo'
 - 136 :  : 'Lcom/ds/test/entity/StepResultVo;'
 - 137 :  : 'LocalVariableTypeTable'
 - 138 :  : 'Ljava/util/List<Lcom/ds/test/entity/StepVo;>;'
 - 139 :  : klass_index=105 name_and_type_index=12
 - 140 :  : klass_index=105 name_and_type_index=33
 - 141 :  : klass_index=105 name_and_type_index=142
 - 142 :  : name_index=143 signature_index=144
 - 143 :  : 'setStepVo'
 - 144 :  : '(Lcom/ds/test/entity/StepVo;)V'
 - 145 :  : klass_index=1 name_and_type_index=146
 - 146 :  : name_index=147 signature_index=148
 - 147 :  : 'handleString'
 - 148 :  : '(Ljava/lang/String;)Ljava/lang/String;'
 - 149 :  : klass_index=150 name_and_type_index=152
 - 150 :  : 'com/ds/test/entity/Action' {0x7d3116f8}
 - 151 :  : 'com/ds/test/entity/Action'
 - 152 :  : name_index=153 signature_index=154
 - 153 :  : 'valueOf'
 - 154 :  : '(Ljava/lang/String;)Lcom/ds/test/entity/Action;'
 - 155 :  : "defaulttttttttt" {0x81ad59e8}
 - 156 :  : 'defaulttttttttt'
 - 157 :  : "bystr:" {0x81ad5a30}
 - 158 :  : 'bystr:'
 - 159 :  : klass_index=68 name_and_type_index=160
 - 160 :  : name_index=161 signature_index=56
 - 161 :  : 'getBy'
 - 162 :  : klass_index=42 name_and_type_index=163
 - 163 :  : name_index=51 signature_index=164
 - 164 :  : '(Ljava/lang/String;)Ljava/lang/StringBuilder;'
 - 165 :  : klass_index=24 name_and_type_index=166
 - 166 :  : name_index=167 signature_index=168
 - 167 :  : 'getPublicElements'
 - 168 :  : '()Ljava/util/Map;'
 - 169 :  : klass_index=24 name_and_type_index=170
 - 170 :  : name_index=171 signature_index=168
 - 171 :  : 'getPublicVariables'
 - 172 :  : klass_index=1 name_and_type_index=173
 - 173 :  : name_index=174 signature_index=175
 - 174 :  : 'selectLocator'
 - 175 :  : '(Lorg/openqa/selenium/WebDriver;Lcom/ds/test/entity/StepVo;Ljava/util/Map;Ljava/util/Map;)Lorg/openqa/selenium/WebElement;'
 - 176 :  : klass_index=1 name_and_type_index=177
 - 177 :  : name_index=5 signature_index=178
 - 178 :  : '()[I'
 - 179 :  : klass_index=150 name_and_type_index=180
 - 180 :  : name_index=181 signature_index=119
 - 181 :  : 'ordinal'
 - 182 :  : klass_index=183 name_and_type_index=185
 - 183 :  : 'org/openqa/selenium/WebDriver'
 - 184 :  : 'org/openqa/selenium/WebDriver'
 - 185 :  : name_index=186 signature_index=187
 - 186 :  : 'navigate'
 - 187 :  : '()Lorg/openqa/selenium/WebDriver$Navigation;'
 - 188 :  : klass_index=189 name_and_type_index=191
 - 189 :  : 'org/openqa/selenium/WebDriver$Navigation'
 - 190 :  : 'org/openqa/selenium/WebDriver$Navigation'
 - 191 :  : name_index=192 signature_index=48
 - 192 :  : 'to'
 - 193 :  : klass_index=194 name_and_type_index=196
 - 194 :  : 'com/ds/util/Snapshot'
 - 195 :  : 'com/ds/util/Snapshot'
 - 196 :  : name_index=197 signature_index=198
 - 197 :  : 'highlightElement'
 - 198 :  : '(Lorg/openqa/selenium/WebDriver;Lorg/openqa/selenium/WebElement;)V'
 - 199 :  : klass_index=200 name_and_type_index=202
 - 200 :  : 'org/openqa/selenium/WebElement'
 - 201 :  : 'org/openqa/selenium/WebElement'
 - 202 :  : name_index=203 signature_index=9
 - 203 :  : 'click'
 - 204 :  : 3000
 - 206 :  : klass_index=207 name_and_type_index=209
 - 207 :  : 'java/lang/Thread'
 - 208 :  : 'java/lang/Thread'
 - 209 :  : name_index=210 signature_index=211
 - 210 :  : 'sleep'
 - 211 :  : '(J)V'
 - 212 :  : klass_index=200 name_and_type_index=213
 - 213 :  : name_index=214 signature_index=9
 - 214 :  : 'clear'
 - 215 :  : 'java/lang/CharSequence'
 - 216 :  : 'java/lang/CharSequence'
 - 217 :  : klass_index=68 name_and_type_index=218
 - 218 :  : name_index=219 signature_index=56
 - 219 :  : 'getData'
 - 220 :  : klass_index=200 name_and_type_index=221
 - 221 :  : name_index=222 signature_index=223
 - 222 :  : 'sendKeys'
 - 223 :  : '([Ljava/lang/CharSequence;)V'
 - 224 :  : klass_index=194 name_and_type_index=225
 - 225 :  : name_index=226 signature_index=227
 - 226 :  : 'isTextPresent'
 - 227 :  : '(Lorg/openqa/selenium/WebDriver;Ljava/lang/String;)Z'
 - 228 :  : "FAIL" {0xd64c6c80}
 - 229 :  : 'FAIL'
 - 230 :  : klass_index=105 name_and_type_index=231
 - 231 :  : name_index=232 signature_index=48
 - 232 :  : 'setResult'
 - 233 :  : 'org/openqa/selenium/TakesScreenshot'
 - 234 :  : 'org/openqa/selenium/TakesScreenshot'
 - 235 :  : klass_index=194 name_and_type_index=236
 - 236 :  : name_index=237 signature_index=238
 - 237 :  : 'getSnapshot'
 - 238 :  : '(Lorg/openqa/selenium/TakesScreenshot;Ljava/lang/String;)Ljava/lang/String;'
 - 239 :  : klass_index=105 name_and_type_index=240
 - 240 :  : name_index=241 signature_index=48
 - 241 :  : 'setScreenPath'
 - 242 :  : "PASS" {0xd84a28d0}
 - 243 :  : 'PASS'
 - 244 :  : "bbbbbbbbbbbbbbbb:" {0x81ad5a68}
 - 245 :  : 'bbbbbbbbbbbbbbbb:'
 - 246 :  : klass_index=105 name_and_type_index=247
 - 247 :  : name_index=248 signature_index=56
 - 248 :  : 'getResult'
 - 249 :  : klass_index=68 name_and_type_index=250
 - 250 :  : name_index=251 signature_index=18
 - 251 :  : 'setPublictestCaseVo'
 - 252 :  : "default" {0xd81c7ab8}
 - 253 :  : 'default'
 - 254 :  : "ERROR" {0xd836af88}
 - 255 :  : 'ERROR'
 - 256 :  : klass_index=257 name_and_type_index=54
 - 257 :  : 'java/lang/Exception'
 - 258 :  : 'java/lang/Exception'
 - 259 :  : klass_index=105 name_and_type_index=260
 - 260 :  : name_index=261 signature_index=48
 - 261 :  : 'setErrorMsg'
 - 262 :  : klass_index=183 name_and_type_index=263
 - 263 :  : name_index=264 signature_index=56
 - 264 :  : 'getCurrentUrl'
 - 265 :  : klass_index=105 name_and_type_index=266
 - 266 :  : name_index=267 signature_index=48
 - 267 :  : 'setRelaWeSite'
 - 268 :  : 'stepResultVo'
 - 269 :  : 'action'
 - 270 :  : 'Lcom/ds/test/entity/Action;'
 - 271 :  : 'element'
 - 272 :  : 'Lorg/openqa/selenium/WebElement;'
 - 273 :  : 'e'
 - 274 :  : 'Ljava/lang/Exception;'
 - 275 :  : 'Signature'
 - 276 :  : '(Lorg/openqa/selenium/WebDriver;Lcom/ds/test/entity/StepVo;Ljava/util/Map<Ljava/lang/String;Lcom/ds/test/entity/PageElement;>;Ljava/util/Map<Ljava/lang/String;Ljava/lang/String;>;)Lorg/openqa/selenium/WebElement;'
 - 277 :  : klass_index=278 name_and_type_index=280
 - 278 :  : 'com/ds/test/entity/ByType'
 - 279 :  : 'com/ds/test/entity/ByType'
 - 280 :  : name_index=153 signature_index=281
 - 281 :  : '(Ljava/lang/String;)Lcom/ds/test/entity/ByType;'
 - 282 :  : klass_index=1 name_and_type_index=283
 - 283 :  : name_index=7 signature_index=178
 - 284 :  : klass_index=278 name_and_type_index=180
 - 285 :  : klass_index=286 name_and_type_index=288
 - 286 :  : 'java/util/Map'
 - 287 :  : 'java/util/Map'
 - 288 :  : name_index=66 signature_index=289
 - 289 :  : '(Ljava/lang/Object;)Ljava/lang/Object;'
 - 290 :  : 'com/ds/test/entity/PageElement'
 - 291 :  : 'com/ds/test/entity/PageElement'
 - 292 :  : klass_index=290 name_and_type_index=160
 - 293 :  : klass_index=68 name_and_type_index=294
 - 294 :  : name_index=295 signature_index=48
 - 295 :  : 'setBy'
 - 296 :  : klass_index=290 name_and_type_index=92
 - 297 :  : klass_index=68 name_and_type_index=298
 - 298 :  : name_index=299 signature_index=48
 - 299 :  : 'setLocator'
 - 300 :  : klass_index=1 name_and_type_index=301
 - 301 :  : name_index=174 signature_index=302
 - 302 :  : '(Lorg/openqa/selenium/WebDriver;Lcom/ds/test/entity/StepVo;)Lorg/openqa/selenium/WebElement;'
 - 303 :  : "defauffffffdddddffffffflt" {0x81ad5ab8}
 - 304 :  : 'defauffffffdddddffffffflt'
 - 305 :  : 'map'
 - 306 :  : 'Ljava/util/Map;'
 - 307 :  : 'map2'
 - 308 :  : 'by'
 - 309 :  : 'Lcom/ds/test/entity/ByType;'
 - 310 :  : 'Lcom/ds/test/entity/PageElement;'
 - 311 :  : 'Ljava/util/Map<Ljava/lang/String;Lcom/ds/test/entity/PageElement;>;'
 - 312 :  : 'Ljava/util/Map<Ljava/lang/String;Ljava/lang/String;>;'
 - 313 :  : 'java/util/ArrayList'
 - 314 :  : 'java/util/ArrayList'
 - 315 :  : klass_index=313 name_and_type_index=12
 - 316 :  : klass_index=317 name_and_type_index=319
 - 317 :  : 'org/openqa/selenium/By'
 - 318 :  : 'org/openqa/selenium/By'
 - 319 :  : name_index=320 signature_index=321
 - 320 :  : 'id'
 - 321 :  : '(Ljava/lang/String;)Lorg/openqa/selenium/By;'
 - 322 :  : klass_index=183 name_and_type_index=323
 - 323 :  : name_index=324 signature_index=325
 - 324 :  : 'findElements'
 - 325 :  : '(Lorg/openqa/selenium/By;)Ljava/util/List;'
 - 326 :  : klass_index=317 name_and_type_index=327
 - 327 :  : name_index=328 signature_index=321
 - 328 :  : 'xpath'
 - 329 :  : klass_index=317 name_and_type_index=330
 - 330 :  : name_index=331 signature_index=321
 - 331 :  : 'linkText'
 - 332 :  : klass_index=317 name_and_type_index=333
 - 333 :  : name_index=334 signature_index=321
 - 334 :  : 'partialLinkText'
 - 335 :  : klass_index=317 name_and_type_index=336
 - 336 :  : name_index=337 signature_index=321
 - 337 :  : 'name'
 - 338 :  : klass_index=317 name_and_type_index=339
 - 339 :  : name_index=340 signature_index=321
 - 340 :  : 'className'
 - 341 :  : klass_index=317 name_and_type_index=342
 - 342 :  : name_index=343 signature_index=321
 - 343 :  : 'cssSelector'
 - 344 :  : klass_index=68 name_and_type_index=345
 - 345 :  : name_index=346 signature_index=119
 - 346 :  : 'getIndex'
 - 347 :  : klass_index=200 name_and_type_index=348
 - 348 :  : name_index=349 signature_index=350
 - 349 :  : 'isDisplayed'
 - 350 :  : '()Z'
 - 351 :  : "dedddddddfault" {0xd64c6cb0}
 - 352 :  : 'dedddddddfault'
 - 353 :  : 'locator'
 - 354 :  : 'Ljava/lang/String;'
 - 355 :  : 'elements'
 - 356 :  : 'Ljava/util/List<Lorg/openqa/selenium/WebElement;>;'
 - 357 :  : " " {0xd839e020}
 - 358 :  : ' '
 - 359 :  : "" {0xd8189ea0}
 - 360 :  : ''
 - 361 :  : klass_index=79 name_and_type_index=362
 - 362 :  : name_index=363 signature_index=364
 - 363 :  : 'replace'
 - 364 :  : '(Ljava/lang/CharSequence;Ljava/lang/CharSequence;)Ljava/lang/String;'
 - 365 :  : klass_index=79 name_and_type_index=366
 - 366 :  : name_index=367 signature_index=56
 - 367 :  : 'toUpperCase'
 - 368 :  : 'str'
 - 369 :  : 'ByPresent'
 - 370 :  : '(Lorg/openqa/selenium/WebDriver;)Lorg/openqa/selenium/WebElement;'
 - 371 :  : "id locator" {0xd64c6cf8}
 - 372 :  : 'id locator'
 - 373 :  : klass_index=183 name_and_type_index=374
 - 374 :  : name_index=375 signature_index=376
 - 375 :  : 'findElement'
 - 376 :  : '(Lorg/openqa/selenium/By;)Lorg/openqa/selenium/WebElement;'
 - 377 :  : 'd'
 - 378 :  : '(Ljava/util/List;I)Lorg/openqa/selenium/WebElement;'
 - 379 :  : '(Ljava/util/List<Lorg/openqa/selenium/WebElement;>;I)Lorg/openqa/selenium/WebElement;'
 - 380 :  : 'index'
 - 381 :  : klass_index=1 name_and_type_index=382
 - 382 :  : name_index=5 signature_index=6
 - 383 :  : klass_index=150 name_and_type_index=384
 - 384 :  : name_index=385 signature_index=386
 - 385 :  : 'values'
 - 386 :  : '()[Lcom/ds/test/entity/Action;'
 - 387 :  : klass_index=150 name_and_type_index=388
 - 388 :  : name_index=389 signature_index=270
 - 389 :  : 'CALCULATE'
 - 390 :  : klass_index=150 name_and_type_index=391
 - 391 :  : name_index=392 signature_index=270
 - 392 :  : 'CLICK'
 - 393 :  : klass_index=150 name_and_type_index=394
 - 394 :  : name_index=395 signature_index=270
 - 395 :  : 'ENTER'
 - 396 :  : klass_index=150 name_and_type_index=397
 - 397 :  : name_index=398 signature_index=270
 - 398 :  : 'ERRORSINGETTINGCELLDATA'
 - 399 :  : klass_index=150 name_and_type_index=400
 - 400 :  : name_index=401 signature_index=270
 - 401 :  : 'GOTOURL'
 - 402 :  : klass_index=150 name_and_type_index=403
 - 403 :  : name_index=404 signature_index=270
 - 404 :  : 'PUBLICSTEP'
 - 405 :  : klass_index=150 name_and_type_index=406
 - 406 :  : name_index=407 signature_index=270
 - 407 :  : 'REFRESH'
 - 408 :  : klass_index=150 name_and_type_index=409
 - 409 :  : name_index=410 signature_index=270
 - 410 :  : 'RUNJS'
 - 411 :  : klass_index=150 name_and_type_index=412
 - 412 :  : name_index=413 signature_index=270
 - 413 :  : 'SAVEVARIABLE'
 - 414 :  : klass_index=150 name_and_type_index=415
 - 415 :  : name_index=416 signature_index=270
 - 416 :  : 'SCREENSHOT'
 - 417 :  : klass_index=150 name_and_type_index=418
 - 418 :  : name_index=419 signature_index=270
 - 419 :  : 'SLEEP'
 - 420 :  : klass_index=150 name_and_type_index=421
 - 421 :  : name_index=422 signature_index=270
 - 422 :  : 'SWITCHTOBACK'
 - 423 :  : klass_index=150 name_and_type_index=424
 - 424 :  : name_index=425 signature_index=270
 - 425 :  : 'SWITCHTOFRAME'
 - 426 :  : klass_index=150 name_and_type_index=427
 - 427 :  : name_index=428 signature_index=270
 - 428 :  : 'SWITCHTOWINDOW'
 - 429 :  : klass_index=150 name_and_type_index=430
 - 430 :  : name_index=431 signature_index=270
 - 431 :  : 'VERIFYAPI'
 - 432 :  : klass_index=150 name_and_type_index=433
 - 433 :  : name_index=434 signature_index=270
 - 434 :  : 'VERIFYDB'
 - 435 :  : klass_index=150 name_and_type_index=436
 - 436 :  : name_index=437 signature_index=270
 - 437 :  : 'VERIFYELEMENT'
 - 438 :  : klass_index=150 name_and_type_index=439
 - 439 :  : name_index=440 signature_index=270
 - 440 :  : 'VERIFYTEXT'
 - 441 :  : 'java/lang/NoSuchFieldError'
 - 442 :  : 'java/lang/NoSuchFieldError'
 - 443 :  : klass_index=1 name_and_type_index=444
 - 444 :  : name_index=7 signature_index=6
 - 445 :  : klass_index=278 name_and_type_index=446
 - 446 :  : name_index=385 signature_index=447
 - 447 :  : '()[Lcom/ds/test/entity/ByType;'
 - 448 :  : klass_index=278 name_and_type_index=449
 - 449 :  : name_index=450 signature_index=309
 - 450 :  : 'CLASSNAME'
 - 451 :  : klass_index=278 name_and_type_index=452
 - 452 :  : name_index=453 signature_index=309
 - 453 :  : 'CSSSELECTOR'
 - 454 :  : klass_index=278 name_and_type_index=455
 - 455 :  : name_index=398 signature_index=309
 - 456 :  : klass_index=278 name_and_type_index=457
 - 457 :  : name_index=458 signature_index=309
 - 458 :  : 'ID'
 - 459 :  : klass_index=278 name_and_type_index=460
 - 460 :  : name_index=461 signature_index=309
 - 461 :  : 'LINKTEXT'
 - 462 :  : klass_index=278 name_and_type_index=463
 - 463 :  : name_index=464 signature_index=309
 - 464 :  : 'NAME'
 - 465 :  : klass_index=278 name_and_type_index=466
 - 466 :  : name_index=467 signature_index=309
 - 467 :  : 'PARTIALLINKTEXT'
 - 468 :  : klass_index=278 name_and_type_index=469
 - 469 :  : name_index=470 signature_index=309
 - 470 :  : 'PUBLICELEMENT'
 - 471 :  : klass_index=278 name_and_type_index=472
 - 472 :  : name_index=473 signature_index=309
 - 473 :  : 'TAGNAME'
 - 474 :  : klass_index=278 name_and_type_index=475
 - 475 :  : name_index=476 signature_index=309
 - 476 :  : 'TIME'
 - 477 :  : klass_index=278 name_and_type_index=478
 - 478 :  : name_index=479 signature_index=309
 - 479 :  : 'VARIABLE'
 - 480 :  : klass_index=278 name_and_type_index=481
 - 481 :  : name_index=482 signature_index=309
 - 482 :  : 'XPATH'
 - 483 :  : 'SourceFile'
 - 484 :  : 'ActionUtils.java'
 - 485 :  : 'InnerClasses'
 - 486 :  : 'Navigation'
 - 487 :  : "defaulttttttttt" {0x81ad59e8}
 - 488 :  : "bystr:" {0x81ad5a30}
 - 489 :  : "bbbbbbbbbbbbbbbb:" {0x81ad5a68}
 - 490 :  : "defauffffffdddddffffffflt" {0x81ad5ab8}
 - 491 :  : " " {0xd839e020}
 - 492 :  : "" {0xd8189ea0}

R11=0x000000000c47c320 is an unknown value
R12=0x0000000000000000 is an unknown value
R13=0x0000000001ddf200 is an unknown value
R14=0x0000000001ceab90 is an unknown value
R15=0x00000000000000b6 is an unknown value


Stack: [0x0000000002850000,0x0000000002950000],  sp=0x000000000294f3c0,  free space=1020k
Native frames: (J=compiled Java code, j=interpreted, Vv=VM code, C=native code)
V  [jvm.dll+0x1e8936]

Java frames: (J=compiled Java code, j=interpreted, Vv=VM code)
j  com.ds.util.ActionUtils.doAtion(Lorg/openqa/selenium/WebDriver;Lcom/ds/test/entity/StepVo;I)Lcom/ds/test/entity/StepResultVo;+53
j  com.ds.util.ActionUtils.doAtion1(Lorg/openqa/selenium/WebDriver;Lcom/ds/test/entity/TestCaseVo;)Lcom/ds/test/entity/TestCaseResultVo;+224
j  test.Copy_2_of_Test.main([Ljava/lang/String;)V+131
v  ~StubRoutines::call_stub

---------------  P R O C E S S  ---------------

Java Threads: ( => current thread )
  0x000000000e382800 JavaThread "Exec Stream Pumper" daemon [_thread_in_native, id=8536, stack(0x000000000f490000,0x000000000f590000)]
  0x000000000d821800 JavaThread "Exec Stream Pumper" daemon [_thread_in_native, id=6692, stack(0x000000000f1f0000,0x000000000f2f0000)]
  0x000000000daf1800 JavaThread "Exec Default Executor" daemon [_thread_in_native, id=12272, stack(0x000000000ee20000,0x000000000ef20000)]
  0x000000000c49c000 JavaThread "Service Thread" daemon [_thread_blocked, id=11780, stack(0x000000000d520000,0x000000000d620000)]
  0x000000000c49a800 JavaThread "C2 CompilerThread1" daemon [_thread_blocked, id=6708, stack(0x000000000d2e0000,0x000000000d3e0000)]
  0x000000000c496800 JavaThread "C2 CompilerThread0" daemon [_thread_blocked, id=9512, stack(0x000000000cff0000,0x000000000d0f0000)]
  0x000000000c480000 JavaThread "JDWP Command Reader" daemon [_thread_in_native, id=7764, stack(0x000000000d130000,0x000000000d230000)]
  0x000000000c47f000 JavaThread "JDWP Event Helper Thread" daemon [_thread_blocked, id=10476, stack(0x000000000ce70000,0x000000000cf70000)]
  0x000000000c472800 JavaThread "JDWP Transport Listener: dt_socket" daemon [_thread_blocked, id=10556, stack(0x000000000cd40000,0x000000000ce40000)]
  0x000000000ae8a000 JavaThread "Attach Listener" daemon [_thread_blocked, id=10324, stack(0x000000000c370000,0x000000000c470000)]
  0x000000000ae89000 JavaThread "Signal Dispatcher" daemon [_thread_blocked, id=12200, stack(0x000000000c1b0000,0x000000000c2b0000)]
  0x000000000ae17800 JavaThread "Finalizer" daemon [_thread_blocked, id=9860, stack(0x000000000c080000,0x000000000c180000)]
  0x000000000ae10000 JavaThread "Reference Handler" daemon [_thread_blocked, id=9096, stack(0x000000000bcf0000,0x000000000bdf0000)]
=>0x0000000001cea000 JavaThread "main" [_thread_in_vm, id=7760, stack(0x0000000002850000,0x0000000002950000)]

Other Threads:
  0x000000000ae0c800 VMThread [stack: 0x000000000be40000,0x000000000bf40000] [id=8584]
  0x000000000c4f9000 WatcherThread [stack: 0x000000000d3f0000,0x000000000d4f0000] [id=7752]

VM state:not at safepoint (normal execution)

VM Mutex/Monitor currently owned by a thread: None

Heap
 PSYoungGen      total 38400K, used 14519K [0x00000007d5c00000, 0x00000007d8680000, 0x0000000800000000)
  eden space 33280K, 28% used [0x00000007d5c00000,0x00000007d6531d30,0x00000007d7c80000)
  from space 5120K, 99% used [0x00000007d8180000,0x00000007d867c070,0x00000007d8680000)
  to   space 5120K, 0% used [0x00000007d7c80000,0x00000007d7c80000,0x00000007d8180000)
 ParOldGen       total 86528K, used 7039K [0x0000000781400000, 0x0000000786880000, 0x00000007d5c00000)
  object space 86528K, 8% used [0x0000000781400000,0x0000000781adfec0,0x0000000786880000)
 PSPermGen       total 21504K, used 17653K [0x000000077c200000, 0x000000077d700000, 0x0000000781400000)
  object space 21504K, 82% used [0x000000077c200000,0x000000077d33d560,0x000000077d700000)

Card table byte_map: [0x0000000005950000,0x0000000005d70000] byte_map_base: 0x0000000001d6f000

Polling page: 0x0000000000520000

Code Cache  [0x0000000002950000, 0x0000000002bc0000, 0x0000000005950000)
 total_blobs=761 nmethods=455 adapters=266 free_code_cache=47353Kb largest_free_block=48459520

Compilation events (10 events):
Event: 158.528 Thread 0x000000000c496800  465             org.apache.xmlbeans.impl.schema.SchemaTypeImpl::getBuiltinTypeCode (5 bytes)
Event: 158.528 Thread 0x000000000c496800 nmethod 465 0x0000000002af3e50 code [0x0000000002af3f80, 0x0000000002af3fd8]
Event: 158.572 Thread 0x000000000c49a800  466             org.apache.xerces.util.ParserConfigurationSettings::addRecognizedFeatures (52 bytes)
Event: 158.576 Thread 0x000000000c49a800 nmethod 466 0x0000000002b16490 code [0x0000000002b16600, 0x0000000002b16d18]
Event: 158.582 Thread 0x000000000c496800  467             java.util.ArrayList::add (54 bytes)
Event: 158.582 Thread 0x000000000c49a800  468             java.util.ArrayList::rangeCheckForAdd (26 bytes)
Event: 158.582 Thread 0x000000000c49a800 nmethod 468 0x0000000002b12e50 code [0x0000000002b12f80, 0x0000000002b12ff8]
Event: 158.585 Thread 0x000000000c496800 nmethod 467 0x0000000002b13c50 code [0x0000000002b13dc0, 0x0000000002b14368]
Event: 158.594 Thread 0x000000000c49a800  469             org.apache.xmlbeans.impl.store.Xobj::lastAttr (51 bytes)
Event: 158.595 Thread 0x000000000c49a800 nmethod 469 0x0000000002b17510 code [0x0000000002b17660, 0x0000000002b177a8]

GC Heap History (8 events):
Event: 1.343 GC heap before
{Heap before GC invocations=1 (full 0):
 PSYoungGen      total 38400K, used 33280K [0x00000007d5c00000, 0x00000007d8680000, 0x0000000800000000)
  eden space 33280K, 100% used [0x00000007d5c00000,0x00000007d7c80000,0x00000007d7c80000)
  from space 5120K, 0% used [0x00000007d8180000,0x00000007d8180000,0x00000007d8680000)
  to   space 5120K, 0% used [0x00000007d7c80000,0x00000007d7c80000,0x00000007d8180000)
 ParOldGen       total 86528K, used 0K [0x0000000781400000, 0x0000000786880000, 0x00000007d5c00000)
  object space 86528K, 0% used [0x0000000781400000,0x0000000781400000,0x0000000786880000)
 PSPermGen       total 21504K, used 9569K [0x000000077c200000, 0x000000077d700000, 0x0000000781400000)
  object space 21504K, 44% used [0x000000077c200000,0x000000077cb58408,0x000000077d700000)
Event: 1.348 GC heap after
Heap after GC invocations=1 (full 0):
 PSYoungGen      total 38400K, used 5103K [0x00000007d5c00000, 0x00000007d8680000, 0x0000000800000000)
  eden space 33280K, 0% used [0x00000007d5c00000,0x00000007d5c00000,0x00000007d7c80000)
  from space 5120K, 99% used [0x00000007d7c80000,0x00000007d817bdf0,0x00000007d8180000)
  to   space 5120K, 0% used [0x00000007d8180000,0x00000007d8180000,0x00000007d8680000)
 ParOldGen       total 86528K, used 1120K [0x0000000781400000, 0x0000000786880000, 0x00000007d5c00000)
  object space 86528K, 1% used [0x0000000781400000,0x00000007815182f0,0x0000000786880000)
 PSPermGen       total 21504K, used 9569K [0x000000077c200000, 0x000000077d700000, 0x0000000781400000)
  object space 21504K, 44% used [0x000000077c200000,0x000000077cb58408,0x000000077d700000)
}
Event: 3.357 GC heap before
{Heap before GC invocations=2 (full 0):
 PSYoungGen      total 38400K, used 38383K [0x00000007d5c00000, 0x00000007d8680000, 0x0000000800000000)
  eden space 33280K, 100% used [0x00000007d5c00000,0x00000007d7c80000,0x00000007d7c80000)
  from space 5120K, 99% used [0x00000007d7c80000,0x00000007d817bdf0,0x00000007d8180000)
  to   space 5120K, 0% used [0x00000007d8180000,0x00000007d8180000,0x00000007d8680000)
 ParOldGen       total 86528K, used 1120K [0x0000000781400000, 0x0000000786880000, 0x00000007d5c00000)
  object space 86528K, 1% used [0x0000000781400000,0x00000007815182f0,0x0000000786880000)
 PSPermGen       total 21504K, used 14552K [0x000000077c200000, 0x000000077d700000, 0x0000000781400000)
  object space 21504K, 67% used [0x000000077c200000,0x000000077d036360,0x000000077d700000)
Event: 3.364 GC heap after
Heap after GC invocations=2 (full 0):
 PSYoungGen      total 38400K, used 5116K [0x00000007d5c00000, 0x00000007d8680000, 0x0000000800000000)
  eden space 33280K, 0% used [0x00000007d5c00000,0x00000007d5c00000,0x00000007d7c80000)
  from space 5120K, 99% used [0x00000007d8180000,0x00000007d867f048,0x00000007d8680000)
  to   space 5120K, 0% used [0x00000007d7c80000,0x00000007d7c80000,0x00000007d8180000)
 ParOldGen       total 86528K, used 3797K [0x0000000781400000, 0x0000000786880000, 0x00000007d5c00000)
  object space 86528K, 4% used [0x0000000781400000,0x00000007817b57f0,0x0000000786880000)
 PSPermGen       total 21504K, used 14552K [0x000000077c200000, 0x000000077d700000, 0x0000000781400000)
  object space 21504K, 67% used [0x000000077c200000,0x000000077d036360,0x000000077d700000)
}
Event: 3.861 GC heap before
{Heap before GC invocations=3 (full 0):
 PSYoungGen      total 38400K, used 38396K [0x00000007d5c00000, 0x00000007d8680000, 0x0000000800000000)
  eden space 33280K, 100% used [0x00000007d5c00000,0x00000007d7c80000,0x00000007d7c80000)
  from space 5120K, 99% used [0x00000007d8180000,0x00000007d867f048,0x00000007d8680000)
  to   space 5120K, 0% used [0x00000007d7c80000,0x00000007d7c80000,0x00000007d8180000)
 ParOldGen       total 86528K, used 3797K [0x0000000781400000, 0x0000000786880000, 0x00000007d5c00000)
  object space 86528K, 4% used [0x0000000781400000,0x00000007817b57f0,0x0000000786880000)
 PSPermGen       total 21504K, used 17316K [0x000000077c200000, 0x000000077d700000, 0x0000000781400000)
  object space 21504K, 80% used [0x000000077c200000,0x000000077d2e93d8,0x000000077d700000)
Event: 3.871 GC heap after
Heap after GC invocations=3 (full 0):
 PSYoungGen      total 38400K, used 5088K [0x00000007d5c00000, 0x00000007d8680000, 0x0000000800000000)
  eden space 33280K, 0% used [0x00000007d5c00000,0x00000007d5c00000,0x00000007d7c80000)
  from space 5120K, 99% used [0x00000007d7c80000,0x00000007d8178050,0x00000007d8180000)
  to   space 5120K, 0% used [0x00000007d8180000,0x00000007d8180000,0x00000007d8680000)
 ParOldGen       total 86528K, used 6850K [0x0000000781400000, 0x0000000786880000, 0x00000007d5c00000)
  object space 86528K, 7% used [0x0000000781400000,0x0000000781ab0b40,0x0000000786880000)
 PSPermGen       total 21504K, used 17316K [0x000000077c200000, 0x000000077d700000, 0x0000000781400000)
  object space 21504K, 80% used [0x000000077c200000,0x000000077d2e93d8,0x000000077d700000)
}
Event: 124.441 GC heap before
{Heap before GC invocations=4 (full 0):
 PSYoungGen      total 38400K, used 38368K [0x00000007d5c00000, 0x00000007d8680000, 0x0000000800000000)
  eden space 33280K, 100% used [0x00000007d5c00000,0x00000007d7c80000,0x00000007d7c80000)
  from space 5120K, 99% used [0x00000007d7c80000,0x00000007d8178050,0x00000007d8180000)
  to   space 5120K, 0% used [0x00000007d8180000,0x00000007d8180000,0x00000007d8680000)
 ParOldGen       total 86528K, used 6850K [0x0000000781400000, 0x0000000786880000, 0x00000007d5c00000)
  object space 86528K, 7% used [0x0000000781400000,0x0000000781ab0b40,0x0000000786880000)
 PSPermGen       total 21504K, used 17511K [0x000000077c200000, 0x000000077d700000, 0x0000000781400000)
  object space 21504K, 81% used [0x000000077c200000,0x000000077d319c90,0x000000077d700000)
Event: 124.446 GC heap after
Heap after GC invocations=4 (full 0):
 PSYoungGen      total 38400K, used 5104K [0x00000007d5c00000, 0x00000007d8680000, 0x0000000800000000)
  eden space 33280K, 0% used [0x00000007d5c00000,0x00000007d5c00000,0x00000007d7c80000)
  from space 5120K, 99% used [0x00000007d8180000,0x00000007d867c070,0x00000007d8680000)
  to   space 5120K, 0% used [0x00000007d7c80000,0x00000007d7c80000,0x00000007d8180000)
 ParOldGen       total 86528K, used 7039K [0x0000000781400000, 0x0000000786880000, 0x00000007d5c00000)
  object space 86528K, 8% used [0x0000000781400000,0x0000000781adfec0,0x0000000786880000)
 PSPermGen       total 21504K, used 17511K [0x000000077c200000, 0x000000077d700000, 0x0000000781400000)
  object space 21504K, 81% used [0x000000077c200000,0x000000077d319c90,0x000000077d700000)
}

Deoptimization events (10 events):
Event: 3.376 Thread 0x0000000001cea000 Uncommon trap: reason=class_check action=maybe_recompile pc=0x00000000029c6a9c method=java.util.Properties$LineReader.readLine()I @ 62
Event: 3.376 Thread 0x0000000001cea000 Uncommon trap: reason=class_check action=maybe_recompile pc=0x00000000029c6a9c method=java.util.Properties$LineReader.readLine()I @ 62
Event: 3.607 Thread 0x0000000001cea000 Uncommon trap: reason=class_check action=maybe_recompile pc=0x0000000002a37a04 method=java.util.HashMap.put(Ljava/lang/Object;Ljava/lang/Object;)Ljava/lang/Object; @ 83
Event: 3.755 Thread 0x0000000001cea000 Uncommon trap: reason=class_check action=maybe_recompile pc=0x0000000002a37a04 method=java.util.HashMap.put(Ljava/lang/Object;Ljava/lang/Object;)Ljava/lang/Object; @ 83
Event: 3.825 Thread 0x0000000001cea000 Uncommon trap: reason=class_check action=maybe_recompile pc=0x0000000002a37a04 method=java.util.HashMap.put(Ljava/lang/Object;Ljava/lang/Object;)Ljava/lang/Object; @ 83
Event: 3.927 Thread 0x0000000001cea000 Uncommon trap: reason=class_check action=maybe_recompile pc=0x0000000002a37a04 method=java.util.HashMap.put(Ljava/lang/Object;Ljava/lang/Object;)Ljava/lang/Object; @ 83
Event: 1648.960 Thread 0x0000000001cea000 Uncommon trap: reason=class_check action=maybe_recompile pc=0x0000000002a488a4 method=java.util.regex.Pattern$CharProperty.match(Ljava/util/regex/Matcher;ILjava/lang/CharSequence;)Z @ 37
Event: 1648.960 Thread 0x0000000001cea000 Uncommon trap: reason=class_check action=maybe_recompile pc=0x0000000002a488a4 method=java.util.regex.Pattern$CharProperty.match(Ljava/util/regex/Matcher;ILjava/lang/CharSequence;)Z @ 37
Event: 1648.960 Thread 0x0000000001cea000 Uncommon trap: reason=class_check action=maybe_recompile pc=0x0000000002a488a4 method=java.util.regex.Pattern$CharProperty.match(Ljava/util/regex/Matcher;ILjava/lang/CharSequence;)Z @ 37
Event: 1648.960 Thread 0x0000000001cea000 Uncommon trap: reason=class_check action=maybe_recompile pc=0x0000000002a488a4 method=java.util.regex.Pattern$CharProperty.match(Ljava/util/regex/Matcher;ILjava/lang/CharSequence;)Z @ 37

Internal exceptions (10 events):
Event: 25.061 Thread 0x0000000001cea000 Threw 0x00000007d6b1b2a8 at C:\re\jdk7u51\527\hotspot\src\share\vm\prims\jvm.cpp:1244
Event: 25.212 Thread 0x0000000001cea000 Threw 0x00000007d6b1f668 at C:\re\jdk7u51\527\hotspot\src\share\vm\prims\jvm.cpp:1244
Event: 32.244 Thread 0x0000000001cea000 Threw 0x00000007d6b25f40 at C:\re\jdk7u51\527\hotspot\src\share\vm\prims\jvm.cpp:1244
Event: 32.255 Thread 0x0000000001cea000 Threw 0x00000007d6b2e928 at C:\re\jdk7u51\527\hotspot\src\share\vm\prims\jni.cpp:743
Event: 32.256 Thread 0x0000000001cea000 Threw 0x00000007d6b2ec38 at C:\re\jdk7u51\527\hotspot\src\share\vm\prims\jni.cpp:743
Event: 67.551 Thread 0x0000000001cea000 Threw 0x00000007d6b35a28 at C:\re\jdk7u51\527\hotspot\src\share\vm\prims\jvm.cpp:1244
Event: 67.568 Thread 0x0000000001cea000 Threw 0x00000007d6b420a0 at C:\re\jdk7u51\527\hotspot\src\share\vm\prims\jni.cpp:743
Event: 67.569 Thread 0x0000000001cea000 Threw 0x00000007d6b423b0 at C:\re\jdk7u51\527\hotspot\src\share\vm\prims\jni.cpp:743
Event: 87.493 Thread 0x0000000001cea000 Threw 0x00000007d6b4ca48 at C:\re\jdk7u51\527\hotspot\src\share\vm\prims\jni.cpp:743
Event: 87.494 Thread 0x0000000001cea000 Threw 0x00000007d6b4cd58 at C:\re\jdk7u51\527\hotspot\src\share\vm\prims\jni.cpp:743

Events (10 events):
Event: 1864.734 Executing VM operation: GetCurrentLocation
Event: 1864.734 Executing VM operation: GetCurrentLocation done
Event: 1864.734 Executing VM operation: ChangeSingleStep
Event: 1864.734 Executing VM operation: ChangeSingleStep done
Event: 1864.735 Executing VM operation: ChangeSingleStep
Event: 1864.735 Executing VM operation: ChangeSingleStep done
Event: 1864.735 Executing VM operation: GetCurrentLocation
Event: 1864.735 Executing VM operation: GetCurrentLocation done
Event: 1864.735 Executing VM operation: ChangeSingleStep
Event: 1864.735 Executing VM operation: ChangeSingleStep done


Dynamic libraries:
0x000000013ff40000 - 0x000000013ff73000 	C:\Program Files\Java\jre7\bin\javaw.exe
0x0000000077530000 - 0x00000000776da000 	C:\Windows\SYSTEM32\ntdll.dll
0x0000000077410000 - 0x000000007752f000 	C:\Windows\system32\kernel32.dll
0x000007fefd600000 - 0x000007fefd66a000 	C:\Windows\system32\KERNELBASE.dll
0x000007feff0b0000 - 0x000007feff18b000 	C:\Windows\system32\ADVAPI32.dll
0x000007feff730000 - 0x000007feff7cf000 	C:\Windows\system32\msvcrt.dll
0x000007fefda60000 - 0x000007fefda7f000 	C:\Windows\SYSTEM32\sechost.dll
0x000007feff480000 - 0x000007feff5ad000 	C:\Windows\system32\RPCRT4.dll
0x0000000077310000 - 0x000000007740a000 	C:\Windows\system32\USER32.dll
0x000007feff7d0000 - 0x000007feff837000 	C:\Windows\system32\GDI32.dll
0x000007feff190000 - 0x000007feff19e000 	C:\Windows\system32\LPK.dll
0x000007fefef80000 - 0x000007feff04b000 	C:\Windows\system32\USP10.dll
0x000007fefbef0000 - 0x000007fefc0e4000 	C:\Windows\WinSxS\amd64_microsoft.windows.common-controls_6595b64144ccf1df_6.0.7601.18837_none_fa3b1e3d17594757\COMCTL32.dll
0x000007fefee10000 - 0x000007fefee81000 	C:\Windows\system32\SHLWAPI.dll
0x000007fefede0000 - 0x000007fefee0e000 	C:\Windows\system32\IMM32.DLL
0x000007feff2d0000 - 0x000007feff3d9000 	C:\Windows\system32\MSCTF.dll
0x000000006af90000 - 0x000000006b062000 	C:\Program Files\Java\jre7\bin\msvcr100.dll
0x000000005bde0000 - 0x000000005c5a9000 	C:\Program Files\Java\jre7\bin\server\jvm.dll
0x000007fef9980000 - 0x000007fef9989000 	C:\Windows\system32\WSOCK32.dll
0x000007fefee90000 - 0x000007fefeedd000 	C:\Windows\system32\WS2_32.dll
0x000007fefde40000 - 0x000007fefde48000 	C:\Windows\system32\NSI.dll
0x000007fefb540000 - 0x000007fefb57b000 	C:\Windows\system32\WINMM.dll
0x0000000077700000 - 0x0000000077707000 	C:\Windows\system32\PSAPI.DLL
0x000000006bb20000 - 0x000000006bb2f000 	C:\Program Files\Java\jre7\bin\verify.dll
0x000000006b720000 - 0x000000006b748000 	C:\Program Files\Java\jre7\bin\java.dll
0x000000005d860000 - 0x000000005d895000 	C:\Program Files\Java\jre7\bin\jdwp.dll
0x0000000064f10000 - 0x0000000064f18000 	C:\Program Files\Java\jre7\bin\npt.dll
0x000000006bb00000 - 0x000000006bb15000 	C:\Program Files\Java\jre7\bin\zip.dll
0x0000000064f00000 - 0x0000000064f09000 	C:\Program Files\Java\jre7\bin\dt_socket.dll
0x000007fefb580000 - 0x000007fefb595000 	C:\Windows\system32\NLAapi.dll
0x000007feebba0000 - 0x000007feebbb5000 	C:\Windows\system32\napinsp.dll
0x000007feebb80000 - 0x000007feebb99000 	C:\Windows\system32\pnrpnsp.dll
0x000007fefcc90000 - 0x000007fefcce5000 	C:\Windows\System32\mswsock.dll
0x000007fefcb10000 - 0x000007fefcb6b000 	C:\Windows\system32\DNSAPI.dll
0x000007feebb70000 - 0x000007feebb7b000 	C:\Windows\System32\winrnr.dll
0x0000000070010000 - 0x0000000070036000 	C:\Program Files\Bonjour\mdnsNSP.dll
0x000007fefaf60000 - 0x000007fefaf87000 	C:\Windows\system32\Iphlpapi.DLL
0x000007fefaf50000 - 0x000007fefaf5b000 	C:\Windows\system32\WINNSI.DLL
0x000007fefaa50000 - 0x000007fefaaa3000 	C:\Windows\System32\fwpuclnt.dll
0x000007fef47d0000 - 0x000007fef47d8000 	C:\Windows\system32\rasadhlp.dll
0x000007fefc680000 - 0x000007fefc687000 	C:\Windows\System32\wshtcpip.dll
0x000000006b700000 - 0x000000006b719000 	C:\Program Files\Java\jre7\bin\net.dll
0x000007fefcc80000 - 0x000007fefcc87000 	C:\Windows\System32\wship6.dll
0x000000006b6e0000 - 0x000000006b6f1000 	C:\Program Files\Java\jre7\bin\nio.dll
0x000000006b5d0000 - 0x000000006b5f4000 	C:\Program Files\Java\jre7\bin\sunec.dll
0x0000000064ed0000 - 0x0000000064edb000 	C:\Program Files\Java\jre7\bin\sunmscapi.dll
0x000007fefd670000 - 0x000007fefd7da000 	C:\Windows\system32\CRYPT32.dll
0x000007fefd530000 - 0x000007fefd53f000 	C:\Windows\system32\MSASN1.dll
0x000007fefccf0000 - 0x000007fefcd07000 	C:\Windows\system32\CRYPTSP.dll
0x000007fefc9f0000 - 0x000007fefca37000 	C:\Windows\system32\rsaenh.dll
0x000007fefc7a0000 - 0x000007fefc7be000 	C:\Windows\system32\USERENV.dll
0x000007fefd490000 - 0x000007fefd49f000 	C:\Windows\system32\profapi.dll
0x000007fefd380000 - 0x000007fefd38f000 	C:\Windows\system32\CRYPTBASE.dll
0x000007fefd320000 - 0x000007fefd377000 	C:\Windows\system32\apphelp.dll
0x000007feea4a0000 - 0x000007feea5c5000 	C:\Windows\system32\dbghelp.dll

VM Arguments:
jvm_args: -agentlib:jdwp=transport=dt_socket,suspend=y,address=localhost:54307 -Dmaven.multiModuleProjectDirectory=$M2_HOME -Dfile.encoding=UTF-8 
java_command: test.Copy_2_of_Test
Launcher Type: SUN_STANDARD

Environment Variables:
JAVA_HOME=C:\Program Files\Java\jdk1.7.0_51
PATH=C:\Users\dell\AppData\Local\Temp\\utest_client_0.1.1;C:\Program Files (x86)\CloudTest;C:\Windows\system32;C:\Windows;C:\Windows\System32\Wbem;C:\Windows\System32\WindowsPowerShell\v1.0\;C:\Program Files\TortoiseSVN\bin;C:\Program Files\Java\jdk1.7.0_51\bin;D:\test\apache-maven-3.3.9\bin;D:\Python27;D:\Python27\Scripts;C:\Program Files (x86)\Google\Chrome\Application;C:\Users\dell\AppData\Roaming\npm;C:\Users\dell\AppData\Local\Programs\Fiddler
USERNAME=dell
OS=Windows_NT
PROCESSOR_IDENTIFIER=Intel64 Family 6 Model 60 Stepping 3, GenuineIntel



---------------  S Y S T E M  ---------------

OS: Windows 7 , 64 bit Build 7601 Service Pack 1

CPU:total 4 (4 cores per cpu, 1 threads per core) family 6 model 60 stepping 3, cmov, cx8, fxsr, mmx, sse, sse2, sse3, ssse3, sse4.1, sse4.2, popcnt, avx, avx2, aes, erms, tsc, tscinvbit

Memory: 4k page, physical 8305116k(1640008k free), swap 16608372k(8811104k free)

vm_info: Java HotSpot(TM) 64-Bit Server VM (24.51-b03) for windows-amd64 JRE (1.7.0_51-b13), built on Dec 18 2013 18:40:56 by "java_re" with unknown MS VC++:1600

time: Fri Feb 02 14:43:00 2018
elapsed time: 1864 seconds

